[
  "minio_accesskey",
  "minio_iam_group",
  "minio_iam_group_membership",
  "minio_iam_group_policy",
  "minio_iam_group_policy_attachment",
  "minio_iam_group_user_attachment",
  "minio_iam_ldap_group_policy_attachment",
  "minio_iam_ldap_user_policy_attachment",
  "minio_iam_policy",
  "minio_iam_service_account",
  "minio_iam_user",
  "minio_iam_user_policy_attachment",
  "minio_ilm_policy",
  "minio_ilm_tier",
  "minio_kms_key",
  "minio_s3_bucket",
  "minio_s3_bucket_notification",
  "minio_s3_bucket_policy",
  "minio_s3_bucket_replication",
  "minio_s3_bucket_retention",
  "minio_s3_bucket_server_side_encryption",
  "minio_s3_bucket_versioning",
  "minio_s3_object"
]